\BOOKMARK [1][-]{section.1}{\376\377\000E\000x\000e\000c\000u\000t\000i\000v\000e\000\040\000S\000u\000m\000m\000a\000r\000y}{}% 1
\BOOKMARK [1][-]{section.2}{\376\377\000D\000a\000t\000a}{}% 2
\BOOKMARK [2][-]{subsection.2.1}{\376\377\000D\000a\000t\000a\000s\000e\000t\000\040\000O\000v\000e\000r\000v\000i\000e\000w}{section.2}% 3
\BOOKMARK [2][-]{subsection.2.2}{\376\377\000I\000m\000a\000g\000e\000\040\000D\000i\000m\000e\000n\000s\000i\000o\000n\000s\000\040\000a\000n\000d\000\040\000R\000e\000s\000o\000l\000u\000t\000i\000o\000n\000s}{section.2}% 4
\BOOKMARK [2][-]{subsection.2.3}{\376\377\000D\000a\000t\000a\000\040\000Q\000u\000a\000l\000i\000t\000y\000\040\000A\000s\000s\000e\000s\000s\000m\000e\000n\000t}{section.2}% 5
\BOOKMARK [2][-]{subsection.2.4}{\376\377\000M\000e\000t\000a\000d\000a\000t\000a\000\040\000A\000v\000a\000i\000l\000a\000b\000i\000l\000i\000t\000y}{section.2}% 6
\BOOKMARK [1][-]{section.3}{\376\377\000E\000D\000A\000\040\000F\000i\000n\000d\000i\000n\000g\000s\000\040\000a\000n\000d\000\040\000P\000r\000e\000p\000r\000o\000c\000e\000s\000s\000i\000n\000g\000\040\000C\000h\000o\000i\000c\000e\000s}{}% 7
\BOOKMARK [2][-]{subsection.3.1}{\376\377\000K\000e\000y\000\040\000E\000D\000A\000\040\000F\000i\000n\000d\000i\000n\000g\000s}{section.3}% 8
\BOOKMARK [2][-]{subsection.3.2}{\376\377\000P\000r\000e\000p\000r\000o\000c\000e\000s\000s\000i\000n\000g\000\040\000P\000i\000p\000e\000l\000i\000n\000e}{section.3}% 9
\BOOKMARK [2][-]{subsection.3.3}{\376\377\000D\000a\000t\000a\000\040\000A\000u\000g\000m\000e\000n\000t\000a\000t\000i\000o\000n}{section.3}% 10
\BOOKMARK [1][-]{section.4}{\376\377\000M\000o\000d\000e\000l\000\040\000A\000r\000c\000h\000i\000t\000e\000c\000t\000u\000r\000e\000\040\000a\000n\000d\000\040\000T\000r\000a\000i\000n\000i\000n\000g}{}% 11
\BOOKMARK [2][-]{subsection.4.1}{\376\377\000T\000r\000a\000n\000s\000f\000e\000r\000\040\000L\000e\000a\000r\000n\000i\000n\000g\000\040\000B\000a\000s\000e\000l\000i\000n\000e}{section.4}% 12
\BOOKMARK [2][-]{subsection.4.2}{\376\377\000L\000o\000s\000s\000\040\000F\000u\000n\000c\000t\000i\000o\000n}{section.4}% 13
\BOOKMARK [2][-]{subsection.4.3}{\376\377\000O\000p\000t\000i\000m\000i\000z\000e\000r\000\040\000a\000n\000d\000\040\000L\000e\000a\000r\000n\000i\000n\000g\000\040\000R\000a\000t\000e\000\040\000S\000c\000h\000e\000d\000u\000l\000e}{section.4}% 14
\BOOKMARK [2][-]{subsection.4.4}{\376\377\000T\000r\000a\000i\000n\000i\000n\000g\000\040\000C\000o\000n\000f\000i\000g\000u\000r\000a\000t\000i\000o\000n}{section.4}% 15
\BOOKMARK [2][-]{subsection.4.5}{\376\377\000R\000e\000g\000u\000l\000a\000r\000i\000z\000a\000t\000i\000o\000n\000\040\000a\000n\000d\000\040\000T\000r\000a\000i\000n\000i\000n\000g\000\040\000S\000t\000r\000a\000t\000e\000g\000i\000e\000s}{section.4}% 16
\BOOKMARK [2][-]{subsection.4.6}{\376\377\000H\000y\000p\000e\000r\000p\000a\000r\000a\000m\000e\000t\000e\000r\000\040\000S\000e\000a\000r\000c\000h\000\040\000S\000p\000a\000c\000e}{section.4}% 17
\BOOKMARK [2][-]{subsection.4.7}{\376\377\000O\000v\000e\000r\000f\000i\000t\000t\000i\000n\000g\000/\000U\000n\000d\000e\000r\000f\000i\000t\000t\000i\000n\000g\000\040\000C\000o\000n\000t\000r\000o\000l\000s}{section.4}% 18
\BOOKMARK [1][-]{section.5}{\376\377\000E\000v\000a\000l\000u\000a\000t\000i\000o\000n\000\040\000M\000e\000t\000r\000i\000c\000s\000\040\000a\000n\000d\000\040\000R\000e\000p\000o\000r\000t\000i\000n\000g}{}% 19
\BOOKMARK [2][-]{subsection.5.1}{\376\377\000P\000e\000r\000-\000C\000l\000a\000s\000s\000\040\000P\000e\000r\000f\000o\000r\000m\000a\000n\000c\000e}{section.5}% 20
\BOOKMARK [2][-]{subsection.5.2}{\376\377\000C\000o\000n\000f\000u\000s\000i\000o\000n\000\040\000M\000a\000t\000r\000i\000x\000\040\000A\000n\000a\000l\000y\000s\000i\000s}{section.5}% 21
\BOOKMARK [2][-]{subsection.5.3}{\376\377\000R\000O\000C\000\040\000C\000u\000r\000v\000e\000s\000\040\000a\000n\000d\000\040\000A\000U\000C\000\040\000A\000n\000a\000l\000y\000s\000i\000s}{section.5}% 22
\BOOKMARK [2][-]{subsection.5.4}{\376\377\000T\000h\000r\000e\000s\000h\000o\000l\000d\000\040\000A\000n\000a\000l\000y\000s\000i\000s\000\040\000f\000o\000r\000\040\000C\000l\000i\000n\000i\000c\000a\000l\000\040\000D\000e\000p\000l\000o\000y\000m\000e\000n\000t}{section.5}% 23
\BOOKMARK [2][-]{subsection.5.5}{\376\377\000C\000a\000l\000i\000b\000r\000a\000t\000i\000o\000n}{section.5}% 24
\BOOKMARK [1][-]{section.6}{\376\377\000R\000e\000p\000r\000o\000d\000u\000c\000i\000b\000i\000l\000i\000t\000y\000\040\000D\000o\000c\000u\000m\000e\000n\000t\000a\000t\000i\000o\000n}{}% 25
\BOOKMARK [2][-]{subsection.6.1}{\376\377\000R\000a\000n\000d\000o\000m\000\040\000S\000e\000e\000d\000s\000\040\000a\000n\000d\000\040\000D\000e\000t\000e\000r\000m\000i\000n\000i\000s\000m}{section.6}% 26
\BOOKMARK [2][-]{subsection.6.2}{\376\377\000H\000a\000r\000d\000w\000a\000r\000e\000\040\000S\000p\000e\000c\000i\000f\000i\000c\000a\000t\000i\000o\000n\000s}{section.6}% 27
\BOOKMARK [2][-]{subsection.6.3}{\376\377\000S\000o\000f\000t\000w\000a\000r\000e\000\040\000V\000e\000r\000s\000i\000o\000n\000s}{section.6}% 28
\BOOKMARK [1][-]{section.7}{\376\377\000M\000o\000d\000e\000l\000\040\000R\000e\000g\000i\000s\000t\000r\000y\000\040\000a\000n\000d\000\040\000V\000e\000r\000s\000i\000o\000n\000i\000n\000g}{}% 29
\BOOKMARK [2][-]{subsection.7.1}{\376\377\000M\000o\000d\000e\000l\000\040\000A\000r\000t\000i\000f\000a\000c\000t\000s}{section.7}% 30
\BOOKMARK [2][-]{subsection.7.2}{\376\377\000C\000h\000e\000c\000k\000p\000o\000i\000n\000t\000\040\000C\000o\000n\000t\000e\000n\000t\000s}{section.7}% 31
\BOOKMARK [2][-]{subsection.7.3}{\376\377\000V\000e\000r\000s\000i\000o\000n\000i\000n\000g\000\040\000S\000t\000r\000a\000t\000e\000g\000y}{section.7}% 32
\BOOKMARK [2][-]{subsection.7.4}{\376\377\000R\000e\000c\000o\000m\000m\000e\000n\000d\000e\000d\000:\000\040\000M\000L\000f\000l\000o\000w\000/\000D\000V\000C\000\040\000I\000n\000t\000e\000g\000r\000a\000t\000i\000o\000n}{section.7}% 33
\BOOKMARK [1][-]{section.8}{\376\377\000M\000o\000n\000i\000t\000o\000r\000i\000n\000g\000\040\000S\000t\000r\000a\000t\000e\000g\000y}{}% 34
\BOOKMARK [2][-]{subsection.8.1}{\376\377\000P\000r\000o\000d\000u\000c\000t\000i\000o\000n\000\040\000M\000o\000n\000i\000t\000o\000r\000i\000n\000g\000\040\000F\000r\000a\000m\000e\000w\000o\000r\000k}{section.8}% 35
\BOOKMARK [2][-]{subsection.8.2}{\376\377\000D\000a\000t\000a\000\040\000D\000r\000i\000f\000t\000\040\000D\000e\000t\000e\000c\000t\000i\000o\000n}{section.8}% 36
\BOOKMARK [2][-]{subsection.8.3}{\376\377\000C\000a\000l\000i\000b\000r\000a\000t\000i\000o\000n\000\040\000T\000r\000a\000c\000k\000i\000n\000g}{section.8}% 37
\BOOKMARK [2][-]{subsection.8.4}{\376\377\000R\000e\000t\000r\000a\000i\000n\000i\000n\000g\000\040\000T\000r\000i\000g\000g\000e\000r\000s}{section.8}% 38
\BOOKMARK [1][-]{section.9}{\376\377\000S\000e\000c\000u\000r\000i\000t\000y\000,\000\040\000P\000r\000i\000v\000a\000c\000y\000,\000\040\000a\000n\000d\000\040\000C\000o\000m\000p\000l\000i\000a\000n\000c\000e}{}% 39
\BOOKMARK [2][-]{subsection.9.1}{\376\377\000P\000H\000I\000\040\000H\000a\000n\000d\000l\000i\000n\000g}{section.9}% 40
\BOOKMARK [2][-]{subsection.9.2}{\376\377\000A\000c\000c\000e\000s\000s\000\040\000C\000o\000n\000t\000r\000o\000l}{section.9}% 41
\BOOKMARK [2][-]{subsection.9.3}{\376\377\000A\000u\000d\000i\000t\000\040\000L\000o\000g\000g\000i\000n\000g}{section.9}% 42
\BOOKMARK [2][-]{subsection.9.4}{\376\377\000I\000n\000c\000i\000d\000e\000n\000t\000\040\000R\000e\000s\000p\000o\000n\000s\000e}{section.9}% 43
\BOOKMARK [2][-]{subsection.9.5}{\376\377\000R\000e\000g\000u\000l\000a\000t\000o\000r\000y\000\040\000C\000o\000m\000p\000l\000i\000a\000n\000c\000e}{section.9}% 44
\BOOKMARK [1][-]{section.10}{\376\377\000R\000o\000b\000u\000s\000t\000n\000e\000s\000s\000\040\000A\000n\000a\000l\000y\000s\000i\000s}{}% 45
\BOOKMARK [2][-]{subsection.10.1}{\376\377\000T\000r\000a\000i\000n\000i\000n\000g\000\040\000R\000o\000b\000u\000s\000t\000n\000e\000s\000s}{section.10}% 46
\BOOKMARK [2][-]{subsection.10.2}{\376\377\000P\000o\000t\000e\000n\000t\000i\000a\000l\000\040\000V\000u\000l\000n\000e\000r\000a\000b\000i\000l\000i\000t\000i\000e\000s}{section.10}% 47
\BOOKMARK [2][-]{subsection.10.3}{\376\377\000R\000e\000c\000o\000m\000m\000e\000n\000d\000e\000d\000\040\000F\000u\000t\000u\000r\000e\000\040\000T\000e\000s\000t\000i\000n\000g}{section.10}% 48
\BOOKMARK [1][-]{section.11}{\376\377\000E\000x\000p\000l\000a\000i\000n\000a\000b\000i\000l\000i\000t\000y\000\040\000I\000n\000s\000i\000g\000h\000t\000s}{}% 49
\BOOKMARK [2][-]{subsection.11.1}{\376\377\000G\000r\000a\000d\000-\000C\000A\000M\000\040\000V\000i\000s\000u\000a\000l\000i\000z\000a\000t\000i\000o\000n}{section.11}% 50
\BOOKMARK [2][-]{subsection.11.2}{\376\377\000C\000l\000i\000n\000i\000c\000a\000l\000\040\000A\000l\000i\000g\000n\000m\000e\000n\000t}{section.11}% 51
\BOOKMARK [1][-]{section.12}{\376\377\000D\000e\000p\000l\000o\000y\000m\000e\000n\000t\000\040\000P\000l\000a\000n}{}% 52
\BOOKMARK [2][-]{subsection.12.1}{\376\377\000A\000P\000I\000\040\000A\000r\000c\000h\000i\000t\000e\000c\000t\000u\000r\000e}{section.12}% 53
\BOOKMARK [2][-]{subsection.12.2}{\376\377\000C\000o\000n\000t\000a\000i\000n\000e\000r\000i\000z\000a\000t\000i\000o\000n}{section.12}% 54
\BOOKMARK [2][-]{subsection.12.3}{\376\377\000D\000e\000p\000l\000o\000y\000m\000e\000n\000t\000\040\000C\000o\000m\000m\000a\000n\000d\000s}{section.12}% 55
\BOOKMARK [2][-]{subsection.12.4}{\376\377\000C\000l\000i\000n\000i\000c\000a\000l\000\040\000I\000n\000t\000e\000g\000r\000a\000t\000i\000o\000n\000\040\000C\000o\000n\000s\000i\000d\000e\000r\000a\000t\000i\000o\000n\000s}{section.12}% 56
\BOOKMARK [1][-]{section.13}{\376\377\000C\000o\000n\000c\000l\000u\000s\000i\000o\000n}{}% 57
